  [1m[35m (2.6ms)[0m  [1m[35mCREATE TABLE "schema_migrations" ("version" varchar NOT NULL PRIMARY KEY)[0m
  [1m[35m (0.1ms)[0m  [1m[35mCREATE TABLE "ar_internal_metadata" ("key" varchar NOT NULL PRIMARY KEY, "value" varchar, "created_at" datetime(6) NOT NULL, "updated_at" datetime(6) NOT NULL)[0m
  [1m[36mActiveRecord::InternalMetadata Load (0.1ms)[0m  [1m[34mSELECT * FROM "ar_internal_metadata" WHERE "ar_internal_metadata"."key" = ? ORDER BY "ar_internal_metadata"."key" ASC LIMIT 1[0m  [[nil, "environment"]]
  [1m[36mActiveRecord::InternalMetadata Create (0.1ms)[0m  [1m[32mINSERT INTO "ar_internal_metadata" ("key", "value", "created_at", "updated_at") VALUES ('environment', 'development', '2024-03-06 15:08:31.225365', '2024-03-06 15:08:31.225368') RETURNING "key"[0m
  [1m[36mActiveRecord::SchemaMigration Load (0.0ms)[0m  [1m[34mSELECT "schema_migrations"."version" FROM "schema_migrations" ORDER BY "schema_migrations"."version" ASC[0m
Migrating to CreateRetrievedArticles (20240306143428)
  [1m[36mTRANSACTION (0.0ms)[0m  [1m[36mbegin transaction[0m
  [1m[35m (0.6ms)[0m  [1m[35mCREATE TABLE "retrieved_articles" ("id" integer PRIMARY KEY AUTOINCREMENT NOT NULL, "created_at" datetime(6) NOT NULL, "updated_at" datetime(6) NOT NULL)[0m
  [1m[36mActiveRecord::SchemaMigration Create (0.1ms)[0m  [1m[32mINSERT INTO "schema_migrations" ("version") VALUES ('20240306143428') RETURNING "version"[0m
  [1m[36mTRANSACTION (0.2ms)[0m  [1m[36mcommit transaction[0m
  [1m[36mActiveRecord::SchemaMigration Load (0.0ms)[0m  [1m[34mSELECT "schema_migrations"."version" FROM "schema_migrations" ORDER BY "schema_migrations"."version" ASC[0m
Started GET "/" for 127.0.0.1 at 2024-03-06 16:10:58 +0100
  [1m[36mActiveRecord::SchemaMigration Load (0.1ms)[0m  [1m[34mSELECT "schema_migrations"."version" FROM "schema_migrations" ORDER BY "schema_migrations"."version" ASC[0m
Processing by Rails::WelcomeController#index as HTML
  Rendering H:/Ruby32-x64/lib/ruby/gems/3.2.0/gems/railties-7.1.3.2/lib/rails/templates/rails/welcome/index.html.erb
  Rendered H:/Ruby32-x64/lib/ruby/gems/3.2.0/gems/railties-7.1.3.2/lib/rails/templates/rails/welcome/index.html.erb (Duration: 1.0ms | Allocations: 375)
Completed 200 OK in 148ms (Views: 35.1ms | ActiveRecord: 0.0ms | Allocations: 8628)


Started GET "/retrieved_articles" for 127.0.0.1 at 2024-03-06 16:12:42 +0100
Processing by RetrievedArticlesController#index as HTML
  [1m[36mRetrievedArticle Load (0.1ms)[0m  [1m[34mSELECT "retrieved_articles".* FROM "retrieved_articles"[0m
  ↳ app/controllers/retrieved_articles_controller.rb:8:in `index'
Completed 200 OK in 99ms (Views: 0.5ms | ActiveRecord: 2.0ms | Allocations: 11040)


Started GET "/favicon.ico" for 127.0.0.1 at 2024-03-06 16:12:42 +0100
  
ActionController::RoutingError (No route matches [GET] "/favicon.ico"):
  
Started GET "/retrievedarticles" for 127.0.0.1 at 2024-03-06 16:12:49 +0100
  
ActionController::RoutingError (No route matches [GET] "/retrievedarticles"):
  
Started GET "/retrieved_articles" for 127.0.0.1 at 2024-03-06 16:12:57 +0100
Processing by RetrievedArticlesController#index as HTML
  [1m[36mRetrievedArticle Load (0.1ms)[0m  [1m[34mSELECT "retrieved_articles".* FROM "retrieved_articles"[0m
  ↳ app/controllers/retrieved_articles_controller.rb:8:in `index'
Completed 200 OK in 1ms (Views: 0.9ms | ActiveRecord: 0.1ms | Allocations: 548)


  [1m[36mActiveRecord::InternalMetadata Load (0.1ms)[0m  [1m[34mSELECT * FROM "ar_internal_metadata" WHERE "ar_internal_metadata"."key" = ? ORDER BY "ar_internal_metadata"."key" ASC LIMIT 1[0m  [[nil, "environment"]]
  [1m[36mActiveRecord::SchemaMigration Load (0.1ms)[0m  [1m[34mSELECT "schema_migrations"."version" FROM "schema_migrations" ORDER BY "schema_migrations"."version" ASC[0m
Migrating to ConstructAtricle (20240306151542)
  [1m[36mTRANSACTION (0.0ms)[0m  [1m[36mbegin transaction[0m
  [1m[35m (3.7ms)[0m  [1m[35mALTER TABLE "retrieved_articles" ADD "body" varchar[0m
  [1m[35m (0.1ms)[0m  [1m[35mALTER TABLE "retrieved_articles" ADD "title" varchar[0m
  [1m[36mActiveRecord::SchemaMigration Create (0.1ms)[0m  [1m[32mINSERT INTO "schema_migrations" ("version") VALUES ('20240306151542') RETURNING "version"[0m
  [1m[36mTRANSACTION (2.2ms)[0m  [1m[36mcommit transaction[0m
  [1m[36mActiveRecord::SchemaMigration Load (0.0ms)[0m  [1m[34mSELECT "schema_migrations"."version" FROM "schema_migrations" ORDER BY "schema_migrations"."version" ASC[0m
Started GET "/retrieved_articles" for 127.0.0.1 at 2024-03-06 17:31:17 +0100
  [1m[36mActiveRecord::SchemaMigration Load (0.1ms)[0m  [1m[34mSELECT "schema_migrations"."version" FROM "schema_migrations" ORDER BY "schema_migrations"."version" ASC[0m
Processing by RetrievedArticlesController#index as HTML
Completed 200 OK in 1075ms (Views: 0.2ms | ActiveRecord: 0.0ms | Allocations: 63528)


Started GET "/retrieved_articles" for 127.0.0.1 at 2024-03-06 17:31:18 +0100
Processing by RetrievedArticlesController#index as HTML
Completed 200 OK in 936ms (Views: 0.1ms | ActiveRecord: 0.0ms | Allocations: 1126)


  [1m[36mActiveRecord::InternalMetadata Load (0.1ms)[0m  [1m[34mSELECT * FROM "ar_internal_metadata" WHERE "ar_internal_metadata"."key" = ? ORDER BY "ar_internal_metadata"."key" ASC LIMIT 1[0m  [[nil, "environment"]]
  [1m[36mActiveRecord::SchemaMigration Load (0.1ms)[0m  [1m[34mSELECT "schema_migrations"."version" FROM "schema_migrations" ORDER BY "schema_migrations"."version" ASC[0m
  [1m[36mActiveRecord::SchemaMigration Load (0.1ms)[0m  [1m[34mSELECT "schema_migrations"."version" FROM "schema_migrations" ORDER BY "schema_migrations"."version" ASC[0m
Started GET "/retrieved_articles" for 127.0.0.1 at 2024-03-06 18:15:24 +0100
  [1m[36mActiveRecord::SchemaMigration Load (0.1ms)[0m  [1m[34mSELECT "schema_migrations"."version" FROM "schema_migrations" ORDER BY "schema_migrations"."version" ASC[0m
Processing by RetrievedArticlesController#index as HTML
Completed 200 OK in 2178ms (Views: 0.2ms | ActiveRecord: 0.0ms | Allocations: 21515)


Started GET "/retrieved_articles" for 127.0.0.1 at 2024-03-06 18:15:31 +0100
Processing by RetrievedArticlesController#index as HTML
Completed 200 OK in 2133ms (Views: 0.1ms | ActiveRecord: 0.0ms | Allocations: 1217)


Started GET "/" for 127.0.0.1 at 2024-03-07 15:43:35 +0100
  [1m[36mActiveRecord::SchemaMigration Load (0.1ms)[0m  [1m[34mSELECT "schema_migrations"."version" FROM "schema_migrations" ORDER BY "schema_migrations"."version" ASC[0m
Processing by RetrievedArticlesController#index as HTML
Completed 200 OK in 2816ms (Views: 0.2ms | ActiveRecord: 0.0ms | Allocations: 21523)


